13:10:34.482 [main] INFO  com.TestCases.LandingPageTest - ****************************** Browser is Closed *****************************************
13:10:45.226 [main] INFO  com.TestCases.LandingPageTest - ****************************** Browser is launched *****************************************
13:10:45.226 [main] DEBUG com.TestCases.LandingPageTest - Browser got launched
13:10:50.530 [main] DEBUG com.TestCases.LandingPageTest - Navigated to application URL
13:10:50.531 [main] INFO  com.TestCases.LandingPageTest - ****************************** Starting Test Case verifyBrokenImages *****************************************
13:10:52.884 [main] INFO  com.TestCases.LandingPageTest - ****************************** Ending Test Case verifyBrokenImages *****************************************
13:10:53.747 [main] INFO  com.TestCases.LandingPageTest - ****************************** Browser is Closed *****************************************
14:23:06.508 [main] INFO  com.TestCases.LandingPageTest - ****************************** Browser is launched *****************************************
14:23:06.683 [main] DEBUG com.TestCases.LandingPageTest - Browser got launched
14:23:17.594 [main] DEBUG com.TestCases.LandingPageTest - Navigated to application URL
14:23:18.054 [main] INFO  com.TestCases.LandingPageTest - ****************************** Starting Test Case verifySignUpLink *****************************************
14:23:23.675 [main] INFO  com.TestCases.LandingPageTest - ****************************** Browser is Closed *****************************************
14:30:59.338 [main] INFO  com.TestCases.LandingPageTest - ****************************** Browser is launched *****************************************
14:30:59.344 [main] DEBUG com.TestCases.LandingPageTest - Browser got launched
14:31:03.742 [main] DEBUG com.TestCases.LandingPageTest - Navigated to application URL
14:31:03.841 [main] INFO  com.TestCases.LandingPageTest - ****************************** Starting Test Case verifySignUpLink *****************************************
14:31:03.891 [main] INFO  com.TestCases.LandingPageTest - ****************************** Ending Test Case verifySignUpLink *****************************************
14:31:04.735 [main] INFO  com.TestCases.LandingPageTest - ****************************** Browser is Closed *****************************************
14:31:59.926 [main] INFO  com.TestCases.LandingPageTest - ****************************** Browser is launched *****************************************
14:31:59.931 [main] DEBUG com.TestCases.LandingPageTest - Browser got launched
14:32:03.109 [main] DEBUG com.TestCases.LandingPageTest - Navigated to application URL
14:32:03.147 [main] INFO  com.TestCases.LandingPageTest - ****************************** Starting Test Case verifySignUpLink *****************************************
14:32:03.256 [main] INFO  com.TestCases.LandingPageTest - ****************************** Ending Test Case verifySignUpLink *****************************************
14:44:50.473 [main] INFO  com.TestCases.LandingPageTest - ****************************** Browser is launched *****************************************
14:44:50.693 [main] DEBUG com.TestCases.LandingPageTest - Browser got launched
14:44:53.160 [main] DEBUG com.TestCases.LandingPageTest - Navigated to application URL
14:44:53.309 [main] INFO  com.TestCases.LandingPageTest - ****************************** Starting Test Case verifySignUpLink *****************************************
14:44:54.341 [main] INFO  com.TestCases.LandingPageTest - ****************************** Ending Test Case verifySignUpLink *****************************************
14:55:17.176 [main] INFO  com.TestCases.LandingPageTest - ****************************** Browser is launched *****************************************
14:55:17.242 [main] DEBUG com.TestCases.LandingPageTest - Browser got launched
14:55:22.576 [main] DEBUG com.TestCases.LandingPageTest - Navigated to application URL
14:55:22.877 [main] INFO  com.TestCases.LandingPageTest - ****************************** Starting Test Case verifySignUpLink *****************************************
14:55:24.076 [main] INFO  com.TestCases.LandingPageTest - ****************************** Ending Test Case verifySignUpLink *****************************************
14:55:30.742 [main] INFO  com.TestCases.SignUpPageTest - ****************************** Browser is launched *****************************************
14:55:30.743 [main] DEBUG com.TestCases.SignUpPageTest - Browser got launched
14:55:38.311 [main] DEBUG com.TestCases.SignUpPageTest - Navigated to application URL
14:55:47.439 [main] INFO  com.TestCases.SignUpPageTest - ****************************** Browser is launched *****************************************
14:55:47.439 [main] DEBUG com.TestCases.SignUpPageTest - Browser got launched
14:56:03.083 [main] DEBUG com.TestCases.SignUpPageTest - Navigated to application URL
15:00:56.314 [main] INFO  com.TestCases.SignUpPageTest - ****************************** Browser is launched *****************************************
15:00:56.467 [main] DEBUG com.TestCases.SignUpPageTest - Browser got launched
15:01:00.807 [main] DEBUG com.TestCases.SignUpPageTest - Navigated to application URL
15:01:09.233 [main] INFO  com.TestCases.SignUpPageTest - ****************************** Browser is launched *****************************************
15:01:09.233 [main] DEBUG com.TestCases.SignUpPageTest - Browser got launched
15:01:13.376 [main] DEBUG com.TestCases.SignUpPageTest - Navigated to application URL
15:05:21.700 [main] INFO  com.TestCases.SignUpPageTest - ****************************** Browser is launched *****************************************
15:05:21.706 [main] DEBUG com.TestCases.SignUpPageTest - Browser got launched
15:05:26.635 [main] DEBUG com.TestCases.SignUpPageTest - Navigated to application URL
15:05:35.192 [main] INFO  com.TestCases.SignUpPageTest - ****************************** Browser is launched *****************************************
15:05:35.192 [main] DEBUG com.TestCases.SignUpPageTest - Browser got launched
15:05:41.180 [main] DEBUG com.TestCases.SignUpPageTest - Navigated to application URL
15:06:16.637 [main] INFO  com.TestCases.LandingPageTest - ****************************** Browser is launched *****************************************
15:06:17.325 [main] DEBUG com.TestCases.LandingPageTest - Browser got launched
15:06:28.955 [main] DEBUG com.TestCases.LandingPageTest - Navigated to application URL
15:06:29.221 [main] INFO  com.TestCases.LandingPageTest - ****************************** Starting Test Case verifySignUpLink *****************************************
15:06:30.102 [main] INFO  com.TestCases.LandingPageTest - ****************************** Ending Test Case verifySignUpLink *****************************************
15:06:50.419 [main] INFO  com.TestCases.SignUpPageTest - ****************************** Browser is launched *****************************************
15:06:50.419 [main] DEBUG com.TestCases.SignUpPageTest - Browser got launched
15:06:57.247 [main] DEBUG com.TestCases.SignUpPageTest - Navigated to application URL
15:07:24.596 [main] INFO  com.TestCases.SignUpPageTest - ****************************** Browser is launched *****************************************
15:07:24.596 [main] DEBUG com.TestCases.SignUpPageTest - Browser got launched
15:07:44.160 [main] DEBUG com.TestCases.SignUpPageTest - Navigated to application URL
15:11:42.252 [main] INFO  com.TestCases.LandingPageTest - ****************************** Browser is launched *****************************************
15:11:42.338 [main] DEBUG com.TestCases.LandingPageTest - Browser got launched
15:11:44.853 [main] DEBUG com.TestCases.LandingPageTest - Navigated to application URL
15:11:45.121 [main] INFO  com.TestCases.LandingPageTest - ****************************** Starting Test Case verifySignUpLink *****************************************
15:11:45.999 [main] INFO  com.TestCases.LandingPageTest - ****************************** Ending Test Case verifySignUpLink *****************************************
15:11:58.401 [main] INFO  com.TestCases.SignUpPageTest - ****************************** Browser is launched *****************************************
15:11:58.401 [main] DEBUG com.TestCases.SignUpPageTest - Browser got launched
15:12:00.925 [main] DEBUG com.TestCases.SignUpPageTest - Navigated to application URL
15:12:11.908 [main] INFO  com.TestCases.SignUpPageTest - ****************************** Browser is launched *****************************************
15:12:11.908 [main] DEBUG com.TestCases.SignUpPageTest - Browser got launched
15:12:27.287 [main] DEBUG com.TestCases.SignUpPageTest - Navigated to application URL
15:17:36.893 [main] INFO  com.TestCases.SignUpPageTest - ****************************** Browser is launched *****************************************
15:17:36.999 [main] DEBUG com.TestCases.SignUpPageTest - Browser got launched
15:17:41.816 [main] DEBUG com.TestCases.SignUpPageTest - Navigated to application URL
15:17:48.851 [main] INFO  com.TestCases.SignUpPageTest - ****************************** Browser is launched *****************************************
15:17:48.851 [main] DEBUG com.TestCases.SignUpPageTest - Browser got launched
15:17:55.662 [main] DEBUG com.TestCases.SignUpPageTest - Navigated to application URL
15:20:03.597 [main] INFO  com.TestCases.SignUpPageTest - ****************************** Browser is launched *****************************************
15:20:03.651 [main] DEBUG com.TestCases.SignUpPageTest - Browser got launched
15:20:08.641 [main] DEBUG com.TestCases.SignUpPageTest - Navigated to application URL
15:20:08.776 [main] INFO  com.TestCases.SignUpPageTest - ****************************** Starting Test Case loginPageTitleTest *****************************************
15:20:17.902 [main] INFO  com.TestCases.SignUpPageTest - ****************************** Browser is launched *****************************************
