18:37:10.102 [main] DEBUG com.TestCases.FourTest - Browser got launched
18:37:23.973 [main] DEBUG com.TestCases.FourTest - Browser got launched
18:37:34.037 [main] DEBUG com.TestCases.FourTest - Navigated to application URL
18:37:34.039 [main] INFO  com.TestCases.FourTest - verifyBrokenlinks Method is started
18:38:00.437 [main] DEBUG com.TestCases.FourTest - Browser got launched
18:38:09.798 [main] DEBUG com.TestCases.FourTest - Navigated to application URL
18:38:09.799 [main] INFO  com.TestCases.FourTest - verifyBrokenlinks Method is started
19:28:27.699 [main] DEBUG com.TestCases.FourTest - Browser got launched
19:28:36.544 [main] DEBUG com.TestCases.FourTest - Navigated to application URL
19:28:36.580 [main] INFO  com.TestCases.FourTest - testFour Method is started
19:28:37.627 [main] DEBUG com.TestCases.FourTest - Browser got launched
19:28:51.283 [main] DEBUG com.TestCases.FourTest - Browser got launched
19:28:59.458 [main] DEBUG com.TestCases.FourTest - Navigated to application URL
19:28:59.460 [main] INFO  com.TestCases.FourTest - verifyBrokenlinks Method is started
19:29:20.293 [main] DEBUG com.TestCases.FourTest - Browser got launched
19:29:29.083 [main] DEBUG com.TestCases.FourTest - Navigated to application URL
19:29:29.086 [main] INFO  com.TestCases.FourTest - verifyBrokenlinks Method is started
19:40:10.575 [main] DEBUG com.TestCases.FourTest - Browser got launched
19:40:18.983 [main] DEBUG com.TestCases.FourTest - Navigated to application URL
19:40:19.006 [main] INFO  com.TestCases.FourTest - testFour Method is started
19:40:19.251 [main] DEBUG com.TestCases.FourTest - Browser got launched
19:40:35.359 [main] DEBUG com.TestCases.FourTest - Browser got launched
19:40:51.301 [main] DEBUG com.TestCases.FourTest - Navigated to application URL
19:40:51.303 [main] INFO  com.TestCases.FourTest - verifyBrokenlinks Method is started
19:41:23.287 [main] DEBUG com.TestCases.FourTest - Browser got launched
19:41:33.418 [main] DEBUG com.TestCases.FourTest - Navigated to application URL
19:41:33.420 [main] INFO  com.TestCases.FourTest - verifyBrokenlinks Method is started
19:50:26.757 [main] DEBUG com.TestCases.FourTest - Browser got launched
19:50:41.330 [main] DEBUG com.TestCases.FourTest - Navigated to application URL
19:50:41.349 [main] INFO  com.TestCases.FourTest - testFour Method is started
19:50:42.195 [main] DEBUG com.TestCases.FourTest - Browser got launched
19:51:10.748 [main] DEBUG com.TestCases.FourTest - Browser got launched
19:51:58.915 [main] DEBUG com.TestCases.FourTest - Navigated to application URL
19:51:58.919 [main] INFO  com.TestCases.FourTest - verifyBrokenlinks Method is started
19:53:12.393 [main] DEBUG com.TestCases.FourTest - Browser got launched
19:53:30.171 [main] DEBUG com.TestCases.FourTest - Navigated to application URL
19:53:30.173 [main] INFO  com.TestCases.FourTest - verifyBrokenlinks Method is started
19:57:39.281 [main] DEBUG com.TestCases.FourTest - Browser got launched
19:57:53.727 [main] DEBUG com.TestCases.FourTest - Navigated to application URL
19:57:53.749 [main] INFO  com.TestCases.FourTest - verifyBrokenlinks Method is started
20:03:48.195 [main] DEBUG com.TestCases.FourTest - Browser got launched
20:03:57.761 [main] DEBUG com.TestCases.FourTest - Navigated to application URL
20:03:57.787 [main] INFO  com.TestCases.FourTest - verifyBrokenlinks Method is started
20:05:03.151 [main] DEBUG com.TestCases.FourTest - Browser got launched
20:05:18.417 [main] DEBUG com.TestCases.FourTest - Navigated to application URL
20:05:18.442 [main] INFO  com.TestCases.FourTest - verifyBrokenlinks Method is started
20:10:58.507 [main] DEBUG com.TestCases.FourTest - Browser got launched
20:11:11.150 [main] DEBUG com.TestCases.FourTest - Navigated to application URL
20:11:11.175 [main] INFO  com.TestCases.FourTest - verifyBrokenlinks Method is started
20:14:15.715 [main] DEBUG com.TestCases.FourTest - Browser got launched
20:14:25.303 [main] DEBUG com.TestCases.FourTest - Navigated to application URL
20:14:25.327 [main] INFO  com.TestCases.FourTest - verifyBrokenlinks Method is started
20:20:30.480 [main] DEBUG com.TestCases.FourTest - Browser got launched
20:20:43.449 [main] DEBUG com.TestCases.FourTest - Navigated to application URL
20:20:43.474 [main] INFO  com.TestCases.FourTest - verifyBrokenlinks Method is started
20:26:27.343 [main] DEBUG com.TestCases.FourTest - Browser got launched
20:26:37.738 [main] DEBUG com.TestCases.FourTest - Navigated to application URL
20:26:37.752 [main] INFO  com.TestCases.FourTest - verifyBrokenlinks Method is started
20:28:31.081 [main] DEBUG com.TestCases.FourTest - Browser got launched
20:28:59.404 [main] DEBUG com.TestCases.FourTest - Navigated to application URL
20:28:59.426 [main] INFO  com.TestCases.FourTest - verifyBrokenlinks Method is started
20:59:24.064 [main] DEBUG com.TestCases.FourTest - Browser got launched
20:59:31.165 [main] DEBUG com.TestCases.FourTest - Navigated to application URL
20:59:31.374 [main] INFO  com.TestCases.FourTest - verifyBrokenlinks Method is started
21:05:25.234 [main] DEBUG com.TestCases.FourTest - Browser got launched
21:05:33.790 [main] DEBUG com.TestCases.FourTest - Navigated to application URL
21:05:33.819 [main] INFO  com.TestCases.FourTest - verifyBrokenlinks Method is started
21:12:27.067 [main] DEBUG com.TestCases.FourTest - Browser got launched
21:12:35.594 [main] DEBUG com.TestCases.FourTest - Navigated to application URL
21:12:35.597 [main] INFO  com.TestCases.FourTest - testFour Method is started
21:12:36.715 [main] DEBUG com.TestCases.FourTest - Browser got launched
21:12:50.465 [main] DEBUG com.TestCases.FourTest - Browser got launched
21:13:00.204 [main] DEBUG com.TestCases.FourTest - Navigated to application URL
21:13:00.206 [main] INFO  com.TestCases.FourTest - verifyBrokenlinks Method is started
21:13:34.653 [main] DEBUG com.TestCases.FourTest - Browser got launched
21:13:44.095 [main] DEBUG com.TestCases.FourTest - Navigated to application URL
21:13:44.096 [main] INFO  com.TestCases.FourTest - verifyBrokenlinks Method is started
21:16:11.511 [main] DEBUG com.TestCases.LandingPageTest - Browser got launched
21:16:21.828 [main] DEBUG com.TestCases.LandingPageTest - Navigated to application URL
21:16:21.930 [main] INFO  com.TestCases.LandingPageTest - verifyTitle Method is started
21:16:32.966 [main] DEBUG com.TestCases.LandingPageTest - Browser got launched
21:16:43.931 [main] DEBUG com.TestCases.LandingPageTest - Navigated to application URL
21:16:43.934 [main] INFO  com.TestCases.LandingPageTest - verifyCRMLogo Method is started
21:16:59.506 [main] DEBUG com.TestCases.LandingPageTest - Browser got launched
21:17:09.669 [main] DEBUG com.TestCases.LandingPageTest - Navigated to application URL
21:17:09.672 [main] INFO  com.TestCases.LandingPageTest - verifyUserName Method is started
21:17:30.718 [main] DEBUG com.TestCases.LandingPageTest - Browser got launched
21:17:42.270 [main] DEBUG com.TestCases.LandingPageTest - Navigated to application URL
21:17:42.272 [main] INFO  com.TestCases.LandingPageTest - verifyUserPassword Method is started
21:17:56.211 [main] DEBUG com.TestCases.LandingPageTest - Browser got launched
21:18:06.526 [main] DEBUG com.TestCases.LandingPageTest - Navigated to application URL
21:18:06.529 [main] INFO  com.TestCases.LandingPageTest - verifyLoginBtn Method is started
21:18:19.159 [main] DEBUG com.TestCases.LandingPageTest - Browser got launched
21:18:27.740 [main] DEBUG com.TestCases.LandingPageTest - Navigated to application URL
21:18:27.742 [main] INFO  com.TestCases.LandingPageTest - verifyMouseLink Method is started
21:19:12.327 [main] DEBUG com.TestCases.LandingPageTest - Browser got launched
21:19:22.468 [main] DEBUG com.TestCases.LandingPageTest - Navigated to application URL
21:19:22.470 [main] INFO  com.TestCases.LandingPageTest - verifyinteractionChatIcon Method is started
21:20:03.858 [main] DEBUG com.TestCases.LandingPageTest - Browser got launched
21:20:13.444 [main] DEBUG com.TestCases.LandingPageTest - Navigated to application URL
21:20:13.446 [main] INFO  com.TestCases.LandingPageTest - verifyBrokenlinks Method is started
21:20:39.389 [main] DEBUG com.TestCases.LandingPageTest - Browser got launched
21:20:52.363 [main] DEBUG com.TestCases.LandingPageTest - Navigated to application URL
21:20:52.365 [main] INFO  com.TestCases.LandingPageTest - verifyBrokenlinks Method is started
21:21:13.512 [main] DEBUG com.TestCases.FourTest - Browser got launched
21:21:24.585 [main] DEBUG com.TestCases.FourTest - Navigated to application URL
21:21:24.587 [main] INFO  com.TestCases.FourTest - testFour Method is started
21:21:24.833 [main] DEBUG com.TestCases.FourTest - Browser got launched
21:21:37.340 [main] DEBUG com.TestCases.FourTest - Browser got launched
21:21:45.088 [main] DEBUG com.TestCases.FourTest - Navigated to application URL
21:21:45.089 [main] INFO  com.TestCases.FourTest - verifyBrokenlinks Method is started
21:22:04.554 [main] DEBUG com.TestCases.FourTest - Browser got launched
21:22:14.661 [main] DEBUG com.TestCases.FourTest - Navigated to application URL
21:22:14.663 [main] INFO  com.TestCases.FourTest - verifyBrokenlinks Method is started
21:27:14.532 [main] DEBUG com.TestCases.LandingPageTest - Browser got launched
21:27:21.062 [main] DEBUG com.TestCases.LandingPageTest - Navigated to application URL
21:27:21.134 [main] INFO  com.TestCases.LandingPageTest - verifyTitle Method is started
21:27:31.296 [main] DEBUG com.TestCases.LandingPageTest - Browser got launched
21:27:37.610 [main] DEBUG com.TestCases.LandingPageTest - Navigated to application URL
21:27:37.613 [main] INFO  com.TestCases.LandingPageTest - verifyCRMLogo Method is started
21:27:51.277 [main] DEBUG com.TestCases.LandingPageTest - Browser got launched
21:28:01.188 [main] DEBUG com.TestCases.LandingPageTest - Navigated to application URL
21:28:01.191 [main] INFO  com.TestCases.LandingPageTest - verifyUserName Method is started
